SF:lib/home/component/repository/search_results_repository.dart
DA:19,2
DA:21,1
DA:25,1
DA:29,1
DA:30,2
DA:33,1
DA:34,2
DA:37,0
DA:38,0
DA:39,0
DA:43,0
DA:45,0
DA:46,0
DA:47,0
DA:50,1
DA:52,4
DA:53,0
DA:55,1
DA:59,3
DA:62,3
DA:63,4
DA:65,3
DA:67,2
DA:68,3
DA:69,2
DA:70,2
DA:71,1
DA:72,1
DA:74,1
DA:75,1
DA:77,0
DA:78,0
DA:82,1
DA:83,2
DA:84,1
DA:85,2
DA:86,0
DA:92,0
DA:97,0
DA:102,0
LF:40
LH:26
end_of_record
SF:lib/build_flavor.dart
DA:10,1
DA:12,0
DA:14,0
DA:30,0
DA:37,0
DA:41,0
DA:43,0
DA:47,0
DA:49,0
DA:51,0
DA:52,0
DA:53,0
DA:54,0
DA:56,0
LF:14
LH:1
end_of_record
SF:lib/build_flavor.g.dart
DA:12,0
DA:14,0
DA:16,0
DA:19,0
DA:23,0
DA:24,0
LF:6
LH:0
end_of_record
SF:lib/common/repository/repository.dart
DA:13,0
DA:14,0
LF:2
LH:0
end_of_record
SF:lib/logging/logging.dart
DA:14,0
DA:16,0
DA:18,0
DA:19,0
DA:21,0
DA:22,0
DA:23,0
DA:24,0
DA:25,0
DA:27,0
DA:32,0
DA:33,0
DA:37,0
DA:40,0
DA:41,0
DA:44,0
DA:47,0
DA:48,0
DA:56,0
DA:60,0
DA:61,0
DA:62,0
DA:63,0
DA:64,0
DA:65,0
DA:66,0
DA:69,0
DA:71,0
DA:74,0
DA:77,0
DA:80,0
DA:84,0
DA:85,0
DA:86,0
DA:87,0
DA:88,0
DA:89,0
DA:91,0
DA:92,0
DA:93,0
DA:94,0
DA:95,0
DA:96,0
DA:98,0
DA:102,0
DA:103,0
DA:104,0
DA:105,0
DA:106,0
DA:109,0
DA:110,0
DA:112,0
DA:114,0
DA:115,0
LF:54
LH:0
end_of_record
SF:lib/model/search_result.g.dart
DA:9,0
DA:10,0
DA:18,0
DA:21,0
DA:23,0
DA:26,0
DA:28,0
DA:31,0
DA:37,0
DA:41,0
DA:43,0
DA:44,0
DA:45,0
DA:46,0
DA:47,0
DA:49,0
DA:50,0
DA:53,0
DA:54,0
DA:57,0
DA:58,0
DA:61,0
DA:62,0
DA:68,0
DA:82,1
DA:83,3
DA:85,1
DA:90,1
DA:91,1
DA:92,1
DA:93,2
DA:94,2
DA:95,2
DA:98,0
DA:100,0
DA:102,0
DA:103,0
DA:105,0
DA:108,0
DA:109,0
DA:110,0
DA:111,0
DA:112,0
DA:115,0
DA:118,0
DA:119,0
DA:120,0
DA:121,0
DA:122,0
DA:126,0
DA:128,0
DA:129,0
DA:130,0
DA:131,0
DA:132,0
DA:133,0
DA:142,3
DA:143,3
DA:146,3
DA:147,3
DA:150,3
DA:151,3
DA:154,3
DA:155,3
DA:157,1
DA:159,1
DA:160,1
DA:162,0
DA:163,0
DA:164,0
DA:165,0
DA:166,0
DA:171,1
DA:173,1
DA:174,1
DA:177,1
DA:179,1
DA:182,0
DA:183,0
DA:185,1
DA:186,1
DA:187,1
DA:188,1
DA:189,1
DA:190,1
DA:191,1
DA:192,1
DA:193,1
DA:194,1
DA:195,1
DA:196,1
LF:91
LH:37
end_of_record
SF:lib/model/search_result.dart
DA:8,0
DA:15,1
LF:2
LH:1
end_of_record
SF:lib/logging/log_buffer.dart
DA:10,0
DA:12,0
DA:13,0
DA:14,0
DA:15,0
DA:17,0
DA:20,0
DA:22,0
DA:23,0
DA:25,0
DA:26,0
DA:28,0
DA:32,0
DA:33,0
DA:35,0
DA:36,0
LF:16
LH:0
end_of_record
